<?xml version="1.0" encoding="UTF-8"?>
<!-- Generated by org.testng.reporters.JUnitReportReporter -->
<testsuite hostname="AEA-QA01" name="com.qa.tests.DeomTest" tests="2" failures="0" timestamp="6 Jun 2019 04:35:17 GMT" time="0.017" errors="0">
  <testcase name="sum" time="0.001" classname="com.qa.tests.DeomTest"/>
  <testcase name="minus" time="0.016" classname="com.qa.tests.DeomTest"/>
</testsuite> <!-- com.qa.tests.DeomTest -->
